klawiatura_BT_do_obierania/app/build/intermediates/manifest_merge_blame_file/debug/manifest-merger-blame-debug-report.txt
1<?xml version="1.0" encoding="utf-8"?>
2<manifest xmlns:android="http://schemas.android.com/apk/res/android"
3    package="com.example.customkeyboard"
4    android:versionCode="1"
5    android:versionName="1.0" >
6
7    <uses-sdk
8        android:minSdkVersion="19"
8-->src\main\AndroidManifest.xml
9        android:targetSdkVersion="29" />
9-->src\main\AndroidManifest.xml
10
11    <uses-permission android:name="android.permission.CAMERA" >
11-->src\main\AndroidManifest.xml:4:5-5:65
11-->src\main\AndroidManifest.xml:5:5-45
12    </uses-permission>
13    <uses-permission android:name="android.permission.WRITE_EXTERNAL_STORAGE" >
13-->src\main\AndroidManifest.xml:6:5-7:85
13-->src\main\AndroidManifest.xml:7:9-65
14    </uses-permission>
15
16    <uses-feature
16-->src\main\AndroidManifest.xml:8:5-9:35
17        android:name="android.hardware.camera"
17-->src\main\AndroidManifest.xml:8:19-57
18        android:required="true" />
18-->src\main\AndroidManifest.xml:9:9-32
19
20    <uses-permission android:name="android.permission.BLUETOOTH" />
20-->src\main\AndroidManifest.xml:10:5-68
20-->src\main\AndroidManifest.xml:10:22-65
21    <uses-permission android:name="android.permission.NFC" />
21-->src\main\AndroidManifest.xml:11:5-62
21-->src\main\AndroidManifest.xml:11:22-59
22
23    <uses-feature
23-->src\main\AndroidManifest.xml:12:5-82
24        android:name="android.hardware.nfc"
24-->src\main\AndroidManifest.xml:12:19-54
25        android:required="false" />
25-->src\main\AndroidManifest.xml:12:55-79
26
27    <application
27-->src\main\AndroidManifest.xml:13:5-21:15
28        android:allowBackup="true"
28-->src\main\AndroidManifest.xml:13:145-171
29        android:appComponentFactory="androidx.core.app.CoreComponentFactory"
29-->[androidx.core:core:1.0.1] AndroidManifest.xml:22:18-86
30        android:debuggable="true"
31        android:icon="@mipmap/ic_launcher"
31-->src\main\AndroidManifest.xml:13:77-111
32        android:label="@string/app_name"
32-->src\main\AndroidManifest.xml:13:112-144
33        android:supportsRtl="true"
33-->src\main\AndroidManifest.xml:13:50-76
34        android:testOnly="true"
35        android:theme="@style/AppTheme" >
35-->src\main\AndroidManifest.xml:13:18-49
36        <service
36-->src\main\AndroidManifest.xml:14:5-20:15
37            android:name="com.example.customkeyboard.KeyboardServiceIME"
37-->src\main\AndroidManifest.xml:14:14-48
38            android:label="@string/ime"
38-->src\main\AndroidManifest.xml:14:49-76
39            android:permission="android.permission.BIND_INPUT_METHOD" >
39-->src\main\AndroidManifest.xml:14:77-134
40            <meta-data
40-->src\main\AndroidManifest.xml:15:5-79
41                android:name="android.view.im"
41-->src\main\AndroidManifest.xml:15:16-46
42                android:resource="@xml/method" />
42-->src\main\AndroidManifest.xml:15:47-77
43
44            <intent-filter>
44-->src\main\AndroidManifest.xml:16:5-19:21
45                <action android:name="android.view.InputMethod" />
45-->src\main\AndroidManifest.xml:18:5-54
45-->src\main\AndroidManifest.xml:18:13-52
46            </intent-filter>
47        </service>
48    </application>
49
50</manifest>